Arguments: 
  C:\Program Files\nodejs\node.exe C:\Users\kf\AppData\Roaming\npm\node_modules\yarn\bin\yarn.js init

PATH: 
  C:\Users\kf\bin;C:\Program Files\Git\mingw64\bin;C:\Program Files\Git\usr\local\bin;C:\Program Files\Git\usr\bin;C:\Program Files\Git\usr\bin;C:\Program Files\Git\mingw64\bin;C:\Program Files\Git\usr\bin;C:\Users\kf\bin;C:\Python27;C:\Python27\Scripts;C:\Program Files\Java\jdk1.8.0_231\bin;C:\WINDOWS\system32;C:\WINDOWS;C:\WINDOWS\System32\Wbem;C:\WINDOWS\System32\WindowsPowerShell\v1.0;C:\WINDOWS\System32\OpenSSH;C:\Program Files\Git\cmd;C:\Program Files\TortoiseSVN\bin;C:\Users\kf\AppData\Local\Android\Sdk\platform-tools;C:\Program Files\nodejs;C:\src\flutter\bin;C:\Users\kf\AppData\Local\Android\Sdk\tools\bin;C:\Users\kf\AppData\Local\Microsoft\WindowsApps;C:\Users\kf\AppData\Local\Programs\Microsoft VS Code\bin;C:\Users\kf\AppData\Local\Programs\Fiddler;C:\Users\kf\AppData\Roaming\npm;C:\src\flutter\bin;C:\Program Files\Git\usr\bin\vendor_perl;C:\Program Files\Git\usr\bin\core_perl

Yarn version: 
  1.19.1

Node version: 
  12.10.0

Platform: 
  win32 x64

Trace: 
  Error: Can't answer a question unless a user TTY
      at ConsoleReporter.question (C:\Users\kf\AppData\Roaming\npm\node_modules\yarn\lib\cli.js:96655:59)
      at Object.<anonymous> (C:\Users\kf\AppData\Roaming\npm\node_modules\yarn\lib\cli.js:88996:38)
      at Generator.next (<anonymous>)
      at step (C:\Users\kf\AppData\Roaming\npm\node_modules\yarn\lib\cli.js:304:30)
      at C:\Users\kf\AppData\Roaming\npm\node_modules\yarn\lib\cli.js:315:13

npm manifest: 
  No manifest

yarn manifest: 
  No manifest

Lockfile: 
  No lockfile
